<?xml version="1.0" encoding="UTF-8"?>
<testng-results ignored="0" total="1" passed="1" failed="0" skipped="0">
  <reporter-output>
  </reporter-output>
  <suite started-at="2020-08-09T23:50:24Z" name="Default suite" finished-at="2020-08-09T23:50:54Z" duration-ms="30021">
    <groups>
    </groups>
    <test started-at="2020-08-09T23:50:24Z" name="Default test" finished-at="2020-08-09T23:50:54Z" duration-ms="30021">
      <class name="automationTesting.SmokeTest">
        <test-method is-config="true" signature="beforeAllTests()[pri:0, instance:automationTesting.SmokeTest@54bff557]" started-at="2020-08-09T23:50:24Z" name="beforeAllTests" finished-at="2020-08-09T23:50:24Z" duration-ms="23" status="PASS">
          <reporter-output>
          </reporter-output>
        </test-method> <!-- beforeAllTests -->
        <test-method is-config="true" signature="set_up()[pri:0, instance:automationTesting.SmokeTest@54bff557]" started-at="2020-08-09T23:50:24Z" name="set_up" finished-at="2020-08-09T23:50:30Z" duration-ms="6229" status="PASS">
          <reporter-output>
          </reporter-output>
        </test-method> <!-- set_up -->
        <test-method signature="test_101()[pri:0, instance:automationTesting.SmokeTest@54bff557]" started-at="2020-08-09T23:50:30Z" name="test_101" finished-at="2020-08-09T23:50:48Z" duration-ms="17767" status="PASS">
          <reporter-output>
          </reporter-output>
        </test-method> <!-- test_101 -->
        <test-method is-config="true" signature="tearDown(org.testng.ITestResult)[pri:0, instance:automationTesting.SmokeTest@54bff557]" started-at="2020-08-09T23:50:48Z" name="tearDown" finished-at="2020-08-09T23:50:53Z" duration-ms="5441" status="PASS">
          <params>
            <param index="0">
              <value>
                <![CDATA[[TestResult name=test_101 status=SUCCESS method=SmokeTest.test_101()[pri:0, instance:automationTesting.SmokeTest@54bff557] output={null}]]]>
              </value>
            </param>
          </params>
          <reporter-output>
          </reporter-output>
        </test-method> <!-- tearDown -->
        <test-method is-config="true" signature="afterAllTests()[pri:0, instance:automationTesting.SmokeTest@54bff557]" started-at="2020-08-09T23:50:53Z" name="afterAllTests" finished-at="2020-08-09T23:50:54Z" duration-ms="540" status="PASS">
          <reporter-output>
          </reporter-output>
        </test-method> <!-- afterAllTests -->
      </class> <!-- automationTesting.SmokeTest -->
    </test> <!-- Default test -->
  </suite> <!-- Default suite -->
</testng-results>
